2024-11-26 11:15:08 [main] INFO  testCases.TC_01_AccountRegistration - ---------*******  TC_01_AccountRegistration *******------------- 
2024-11-26 11:15:08 [main] INFO  testCases.TC_01_AccountRegistration - Clicked on My Account.
2024-11-26 11:15:09 [main] INFO  testCases.TC_01_AccountRegistration - Navigated to the registration page.
2024-11-26 11:15:09 [main] INFO  testCases.TC_01_AccountRegistration - Entered first name.
2024-11-26 11:15:09 [main] INFO  testCases.TC_01_AccountRegistration - Entered last name.
2024-11-26 11:15:09 [main] INFO  testCases.TC_01_AccountRegistration - Entered email.
2024-11-26 11:15:09 [main] INFO  testCases.TC_01_AccountRegistration - Entered telephone number.
2024-11-26 11:15:09 [main] INFO  testCases.TC_01_AccountRegistration - Entered password.
2024-11-26 11:15:09 [main] INFO  testCases.TC_01_AccountRegistration - Confirmed password.
2024-11-26 11:15:09 [main] INFO  testCases.TC_01_AccountRegistration - Subscribed to newsletter.
2024-11-26 11:15:10 [main] INFO  testCases.TC_01_AccountRegistration - Agreed to the terms and conditions.
2024-11-26 11:15:11 [main] INFO  testCases.TC_01_AccountRegistration - Submitted the registration form.
2024-11-26 11:15:11 [main] INFO  testCases.TC_01_AccountRegistration - Account creation confirmation validated.
2024-11-26 11:15:11 [main] INFO  testCases.TC_01_AccountRegistration - Test case execution completed successfully.
2024-11-26 11:15:15 [main] INFO  testCases.TC_002_LoginTest - ---------*******  TC_002_LoginTest *******------------- 
2024-11-26 11:15:15 [main] INFO  testCases.TC_002_LoginTest - Clicked on My Account.
2024-11-26 11:15:16 [main] INFO  testCases.TC_002_LoginTest - Clicked on Login.
2024-11-26 11:15:16 [main] INFO  testCases.TC_002_LoginTest - Entered email.
2024-11-26 11:15:16 [main] INFO  testCases.TC_002_LoginTest - Entered password.
2024-11-26 11:15:17 [main] INFO  testCases.TC_002_LoginTest - Clicked on Login button.
2024-11-26 11:15:17 [main] INFO  testCases.TC_002_LoginTest - Login successful and My Account page exists.
2024-11-26 11:20:22 [main] INFO  testCases.TC_01_AccountRegistration - ---------*******  TC_01_AccountRegistration *******------------- 
2024-11-26 11:20:23 [main] INFO  testCases.TC_01_AccountRegistration - Clicked on My Account.
2024-11-26 11:20:24 [main] INFO  testCases.TC_01_AccountRegistration - Navigated to the registration page.
2024-11-26 11:20:24 [main] INFO  testCases.TC_01_AccountRegistration - Entered first name.
2024-11-26 11:20:24 [main] INFO  testCases.TC_01_AccountRegistration - Entered last name.
2024-11-26 11:20:24 [main] INFO  testCases.TC_01_AccountRegistration - Entered email.
2024-11-26 11:20:24 [main] INFO  testCases.TC_01_AccountRegistration - Entered telephone number.
2024-11-26 11:20:24 [main] INFO  testCases.TC_01_AccountRegistration - Entered password.
2024-11-26 11:20:24 [main] INFO  testCases.TC_01_AccountRegistration - Confirmed password.
2024-11-26 11:20:25 [main] INFO  testCases.TC_01_AccountRegistration - Subscribed to newsletter.
2024-11-26 11:20:25 [main] INFO  testCases.TC_01_AccountRegistration - Agreed to the terms and conditions.
2024-11-26 11:20:26 [main] INFO  testCases.TC_01_AccountRegistration - Submitted the registration form.
2024-11-26 11:20:26 [main] INFO  testCases.TC_01_AccountRegistration - Account creation confirmation validated.
2024-11-26 11:20:26 [main] INFO  testCases.TC_01_AccountRegistration - Test case execution completed successfully.
2024-11-26 11:20:30 [main] INFO  testCases.TC_002_LoginTest - ---------*******  TC_002_LoginTest *******------------- 
2024-11-26 11:20:30 [main] INFO  testCases.TC_002_LoginTest - Clicked on My Account.
2024-11-26 11:20:31 [main] INFO  testCases.TC_002_LoginTest - Clicked on Login.
2024-11-26 11:20:31 [main] INFO  testCases.TC_002_LoginTest - Entered email.
2024-11-26 11:20:31 [main] INFO  testCases.TC_002_LoginTest - Entered password.
2024-11-26 11:20:32 [main] INFO  testCases.TC_002_LoginTest - Clicked on Login button.
2024-11-26 11:20:32 [main] INFO  testCases.TC_002_LoginTest - Login successful and My Account page exists.
2024-11-26 11:28:23 [main] INFO  testCases.TC_01_AccountRegistration - ---------*******  TC_01_AccountRegistration *******------------- 
2024-11-26 11:28:23 [main] INFO  testCases.TC_01_AccountRegistration - Clicked on My Account.
2024-11-26 11:28:24 [main] INFO  testCases.TC_01_AccountRegistration - Navigated to the registration page.
2024-11-26 11:28:24 [main] INFO  testCases.TC_01_AccountRegistration - Entered first name.
2024-11-26 11:28:24 [main] INFO  testCases.TC_01_AccountRegistration - Entered last name.
2024-11-26 11:28:24 [main] INFO  testCases.TC_01_AccountRegistration - Entered email.
2024-11-26 11:28:24 [main] INFO  testCases.TC_01_AccountRegistration - Entered telephone number.
2024-11-26 11:28:24 [main] INFO  testCases.TC_01_AccountRegistration - Entered password.
2024-11-26 11:28:25 [main] INFO  testCases.TC_01_AccountRegistration - Confirmed password.
2024-11-26 11:28:25 [main] INFO  testCases.TC_01_AccountRegistration - Subscribed to newsletter.
2024-11-26 11:28:25 [main] INFO  testCases.TC_01_AccountRegistration - Agreed to the terms and conditions.
2024-11-26 11:28:26 [main] INFO  testCases.TC_01_AccountRegistration - Submitted the registration form.
2024-11-26 11:28:26 [main] INFO  testCases.TC_01_AccountRegistration - Account creation confirmation validated.
2024-11-26 11:28:26 [main] INFO  testCases.TC_01_AccountRegistration - Test case execution completed successfully.
2024-11-26 11:28:29 [main] INFO  testCases.TC_002_LoginTest - ---------*******  TC_002_LoginTest *******------------- 
2024-11-26 11:28:30 [main] INFO  testCases.TC_002_LoginTest - Clicked on My Account.
2024-11-26 11:28:30 [main] INFO  testCases.TC_002_LoginTest - Clicked on Login.
2024-11-26 11:28:30 [main] INFO  testCases.TC_002_LoginTest - Entered email.
2024-11-26 11:28:30 [main] INFO  testCases.TC_002_LoginTest - Entered password.
2024-11-26 11:28:31 [main] INFO  testCases.TC_002_LoginTest - Clicked on Login button.
2024-11-26 11:28:31 [main] INFO  testCases.TC_002_LoginTest - Login successful and My Account page exists.
2024-11-26 11:44:54 [main] INFO  testCases.TC_01_AccountRegistration - ---------*******  TC_01_AccountRegistration *******------------- 
2024-11-26 11:44:55 [main] INFO  testCases.TC_01_AccountRegistration - Clicked on My Account.
2024-11-26 11:44:56 [main] INFO  testCases.TC_01_AccountRegistration - Navigated to the registration page.
2024-11-26 11:44:56 [main] INFO  testCases.TC_01_AccountRegistration - Entered first name.
2024-11-26 11:44:56 [main] INFO  testCases.TC_01_AccountRegistration - Entered last name.
2024-11-26 11:44:56 [main] INFO  testCases.TC_01_AccountRegistration - Entered email.
2024-11-26 11:44:56 [main] INFO  testCases.TC_01_AccountRegistration - Entered telephone number.
2024-11-26 11:44:57 [main] INFO  testCases.TC_01_AccountRegistration - Entered password.
2024-11-26 11:44:57 [main] INFO  testCases.TC_01_AccountRegistration - Confirmed password.
2024-11-26 11:44:57 [main] INFO  testCases.TC_01_AccountRegistration - Subscribed to newsletter.
2024-11-26 11:44:57 [main] INFO  testCases.TC_01_AccountRegistration - Agreed to the terms and conditions.
2024-11-26 11:44:58 [main] INFO  testCases.TC_01_AccountRegistration - Submitted the registration form.
2024-11-26 11:44:58 [main] INFO  testCases.TC_01_AccountRegistration - Account creation confirmation validated.
2024-11-26 11:44:58 [main] INFO  testCases.TC_01_AccountRegistration - Test case execution completed successfully.
2024-11-26 11:45:01 [main] INFO  testCases.TC_002_LoginTest - ---------*******  TC_002_LoginTest *******------------- 
2024-11-26 11:45:01 [main] INFO  testCases.TC_002_LoginTest - Clicked on My Account.
2024-11-26 11:45:02 [main] INFO  testCases.TC_002_LoginTest - Clicked on Login.
2024-11-26 11:45:02 [main] INFO  testCases.TC_002_LoginTest - Entered email.
2024-11-26 11:45:02 [main] INFO  testCases.TC_002_LoginTest - Entered password.
2024-11-26 11:45:05 [main] INFO  testCases.TC_002_LoginTest - Clicked on Login button.
2024-11-26 11:45:05 [main] INFO  testCases.TC_002_LoginTest - Login successful and My Account page exists.
2024-11-26 11:52:28 [main] INFO  testCases.TC_01_AccountRegistration - ---------*******  TC_01_AccountRegistration *******------------- 
2024-11-26 11:52:28 [main] INFO  testCases.TC_01_AccountRegistration - Clicked on My Account.
2024-11-26 11:52:29 [main] INFO  testCases.TC_01_AccountRegistration - Navigated to the registration page.
2024-11-26 11:52:29 [main] INFO  testCases.TC_01_AccountRegistration - Entered first name.
2024-11-26 11:52:29 [main] INFO  testCases.TC_01_AccountRegistration - Entered last name.
2024-11-26 11:52:29 [main] INFO  testCases.TC_01_AccountRegistration - Entered email.
2024-11-26 11:52:29 [main] INFO  testCases.TC_01_AccountRegistration - Entered telephone number.
2024-11-26 11:52:29 [main] INFO  testCases.TC_01_AccountRegistration - Entered password.
2024-11-26 11:52:29 [main] INFO  testCases.TC_01_AccountRegistration - Confirmed password.
2024-11-26 11:52:30 [main] INFO  testCases.TC_01_AccountRegistration - Subscribed to newsletter.
2024-11-26 11:52:30 [main] INFO  testCases.TC_01_AccountRegistration - Agreed to the terms and conditions.
2024-11-26 11:52:31 [main] INFO  testCases.TC_01_AccountRegistration - Submitted the registration form.
2024-11-26 11:52:31 [main] INFO  testCases.TC_01_AccountRegistration - Account creation confirmation validated.
2024-11-26 11:52:31 [main] INFO  testCases.TC_01_AccountRegistration - Test case execution completed successfully.
2024-11-26 11:52:33 [main] INFO  testCases.TC_002_LoginTest - ---------*******  TC_002_LoginTest *******------------- 
2024-11-26 11:52:34 [main] INFO  testCases.TC_002_LoginTest - Clicked on My Account.
2024-11-26 11:52:34 [main] INFO  testCases.TC_002_LoginTest - Clicked on Login.
2024-11-26 11:52:34 [main] INFO  testCases.TC_002_LoginTest - Entered email.
2024-11-26 11:52:34 [main] INFO  testCases.TC_002_LoginTest - Entered password.
2024-11-26 11:52:35 [main] INFO  testCases.TC_002_LoginTest - Clicked on Login button.
2024-11-26 11:52:35 [main] INFO  testCases.TC_002_LoginTest - Login successful and My Account page exists.
2024-11-26 11:53:49 [main] INFO  testCases.TC_01_AccountRegistration - ---------*******  TC_01_AccountRegistration *******------------- 
2024-11-26 11:53:49 [main] INFO  testCases.TC_01_AccountRegistration - Clicked on My Account.
2024-11-26 11:53:49 [main] INFO  testCases.TC_01_AccountRegistration - Navigated to the registration page.
2024-11-26 11:53:49 [main] INFO  testCases.TC_01_AccountRegistration - Entered first name.
2024-11-26 11:53:50 [main] INFO  testCases.TC_01_AccountRegistration - Entered last name.
2024-11-26 11:53:50 [main] INFO  testCases.TC_01_AccountRegistration - Entered email.
2024-11-26 11:53:50 [main] INFO  testCases.TC_01_AccountRegistration - Entered telephone number.
2024-11-26 11:53:50 [main] INFO  testCases.TC_01_AccountRegistration - Entered password.
2024-11-26 11:53:50 [main] INFO  testCases.TC_01_AccountRegistration - Confirmed password.
2024-11-26 11:53:50 [main] INFO  testCases.TC_01_AccountRegistration - Subscribed to newsletter.
2024-11-26 11:53:50 [main] INFO  testCases.TC_01_AccountRegistration - Agreed to the terms and conditions.
2024-11-26 11:53:51 [main] INFO  testCases.TC_01_AccountRegistration - Submitted the registration form.
2024-11-26 11:53:51 [main] INFO  testCases.TC_01_AccountRegistration - Account creation confirmation validated.
2024-11-26 11:53:51 [main] INFO  testCases.TC_01_AccountRegistration - Test case execution completed successfully.
2024-11-26 11:53:57 [main] INFO  testCases.TC_002_LoginTest - ---------*******  TC_002_LoginTest *******------------- 
2024-11-26 11:53:57 [main] INFO  testCases.TC_002_LoginTest - Clicked on My Account.
2024-11-26 11:53:58 [main] INFO  testCases.TC_002_LoginTest - Clicked on Login.
2024-11-26 11:53:58 [main] INFO  testCases.TC_002_LoginTest - Entered email.
2024-11-26 11:53:58 [main] INFO  testCases.TC_002_LoginTest - Entered password.
2024-11-26 11:53:59 [main] INFO  testCases.TC_002_LoginTest - Clicked on Login button.
2024-11-26 11:53:59 [main] INFO  testCases.TC_002_LoginTest - Login successful and My Account page exists.
